Using pre-set license
Built from '2020.3/staging' branch; Version is '2020.3.32f1 (12f8b0834f07) revision 1243312'; Using compiler version '192528614'; Build Type 'Release'
OS: 'Windows 10  (10.0.19044) 64bit Professional' Language: 'sv' Physical Memory: 16289 MB
BatchMode: 1, IsHumanControllingUs: 0, StartBugReporterOnCrash: 0, Is64bit: 1, IsPro: 0

COMMAND LINE ARGUMENTS:
D:\2020.3.32f1\Editor\Unity.exe
-adb2
-batchMode
-noUpm
-name
AssetImportWorker0
-projectPath
D:/GameJam_GMTK_22/New Unity Project
-logFile
Logs/AssetImportWorker0.log
-srvPort
55276
Successfully changed project path to: D:/GameJam_GMTK_22/New Unity Project
D:/GameJam_GMTK_22/New Unity Project
Using Asset Import Pipeline V2.
Refreshing native plugins compatible for Editor in 31.47 ms, found 3 plugins.
Preloading 0 native plugins for Editor in 0.00 ms.
Initialize engine version: 2020.3.32f1 (12f8b0834f07)
[Subsystems] Discovering subsystems at path D:/2020.3.32f1/Editor/Data/Resources/UnitySubsystems
[Subsystems] Discovering subsystems at path D:/GameJam_GMTK_22/New Unity Project/Assets
GfxDevice: creating device client; threaded=0
Direct3D:
    Version:  Direct3D 11.0 [level 11.1]
    Renderer: AMD Radeon HD 7800 Series (ID=0x6819)
    Vendor:   
    VRAM:     2027 MB
    Driver:   27.20.1034.6
Initialize mono
Mono path[0] = 'D:/2020.3.32f1/Editor/Data/Managed'
Mono path[1] = 'D:/2020.3.32f1/Editor/Data/MonoBleedingEdge/lib/mono/unityjit'
Mono config path = 'D:/2020.3.32f1/Editor/Data/MonoBleedingEdge/etc'
Using monoOptions --debugger-agent=transport=dt_socket,embedding=1,server=y,suspend=n,address=127.0.0.1:56308
Begin MonoManager ReloadAssembly
Registering precompiled unity dll's ...
Register platform support module: D:/2020.3.32f1/Editor/Data/PlaybackEngines/WindowsStandaloneSupport/UnityEditor.WindowsStandalone.Extensions.dll
Registered in 0.000806 seconds.
Native extension for WindowsStandalone target not found
Refreshing native plugins compatible for Editor in 31.10 ms, found 3 plugins.
Preloading 0 native plugins for Editor in 0.00 ms.
Mono: successfully reloaded assembly
- Completed reload, in  0.369 seconds
Domain Reload Profiling:
	ReloadAssembly (369ms)
		BeginReloadAssembly (43ms)
			ExecutionOrderSort (0ms)
			DisableScriptedObjects (0ms)
			BackupInstance (0ms)
			ReleaseScriptingObjects (0ms)
			CreateAndSetChildDomain (1ms)
		EndReloadAssembly (282ms)
			LoadAssemblies (42ms)
			RebuildTransferFunctionScriptingTraits (0ms)
			SetupTypeCache (86ms)
			ReleaseScriptCaches (0ms)
			RebuildScriptCaches (18ms)
			SetupLoadedEditorAssemblies (113ms)
				LogAssemblyErrors (0ms)
				InitializePlatformSupportModulesInManaged (3ms)
				SetLoadedEditorAssemblies (0ms)
				RefreshPlugins (31ms)
				BeforeProcessingInitializeOnLoad (6ms)
				ProcessInitializeOnLoadAttributes (55ms)
				ProcessInitializeOnLoadMethodAttributes (18ms)
				AfterProcessingInitializeOnLoad (0ms)
				EditorAssembliesLoaded (0ms)
			ExecutionOrderSort2 (0ms)
			AwakeInstancesAfterBackupRestoration (0ms)
Platform modules already initialized, skipping
Registering precompiled user dll's ...
Registered in 0.001778 seconds.
Begin MonoManager ReloadAssembly
Native extension for WindowsStandalone target not found
Refreshing native plugins compatible for Editor in 30.06 ms, found 3 plugins.
Preloading 0 native plugins for Editor in 0.00 ms.
Mono: successfully reloaded assembly
- Completed reload, in  0.680 seconds
Domain Reload Profiling:
	ReloadAssembly (681ms)
		BeginReloadAssembly (97ms)
			ExecutionOrderSort (0ms)
			DisableScriptedObjects (3ms)
			BackupInstance (0ms)
			ReleaseScriptingObjects (0ms)
			CreateAndSetChildDomain (15ms)
		EndReloadAssembly (548ms)
			LoadAssemblies (66ms)
			RebuildTransferFunctionScriptingTraits (0ms)
			SetupTypeCache (176ms)
			ReleaseScriptCaches (0ms)
			RebuildScriptCaches (30ms)
			SetupLoadedEditorAssemblies (212ms)
				LogAssemblyErrors (0ms)
				InitializePlatformSupportModulesInManaged (2ms)
				SetLoadedEditorAssemblies (0ms)
				RefreshPlugins (30ms)
				BeforeProcessingInitializeOnLoad (41ms)
				ProcessInitializeOnLoadAttributes (125ms)
				ProcessInitializeOnLoadMethodAttributes (12ms)
				AfterProcessingInitializeOnLoad (2ms)
				EditorAssembliesLoaded (0ms)
			ExecutionOrderSort2 (0ms)
			AwakeInstancesAfterBackupRestoration (4ms)
Platform modules already initialized, skipping
========================================================================
Worker process is ready to serve import requests
Launched and connected shader compiler UnityShaderCompiler.exe after 0.08 seconds
Refreshing native plugins compatible for Editor in 0.49 ms, found 3 plugins.
Preloading 0 native plugins for Editor in 0.00 ms.
Unloading 2200 Unused Serialized files (Serialized files now loaded: 0)
System memory in use before: 97.0 MB.
System memory in use after: 96.9 MB.

Unloading 31 unused Assets to reduce memory usage. Loaded Objects now: 2631.
Total: 2.365100 ms (FindLiveObjects: 0.113700 ms CreateObjectMapping: 0.045600 ms MarkObjects: 2.092100 ms  DeleteObjects: 0.113000 ms)

AssetImportParameters requested are different than current active one (requested -> active):
  custom:framework-win-MediaFoundation: 216162199b28c13a410421893ffa2e32 -> 
  custom:video-decoder-ogg-theora: a1e56fd34408186e4bbccfd4996cb3dc -> 
  custom:container-muxer-webm: aa71ff27fc2769a1b78a27578f13a17b -> 
  custom:container-demuxer-webm: 4f35f7cbe854078d1ac9338744f61a02 -> 
  custom:container-demuxer-ogg: 62fdf1f143b41e24485cea50d1cbac27 -> 
  custom:video-encoder-webm-vp8: eb34c28f22e8b96e1ab97ce403110664 -> 
  custom:video-decoder-webm-vp8: 9c59270c3fd7afecdb556c50c9e8de78 -> 
  custom:audio-decoder-ogg-vorbis: bf7c407c2cedff20999df2af8eb42d56 -> 
  custom:audio-encoder-webm-vorbis: bf7c407c2cedff20999df2af8eb42d56 -> 
========================================================================
Received Import Request.
  path: Assets
  artifactKey: Guid(00000000000000001000000000000000) Importer(815301076,1909f56bfc062723c751e8b465ee728b)
Start importing Assets using Guid(00000000000000001000000000000000) Importer(815301076,1909f56bfc062723c751e8b465ee728b)  -> (artifact id: '42d402b061de3733987d63b9cc3b64de') in 0.199271 seconds 
========================================================================
Received Import Request.
  Time since last request: 2.329556 seconds.
  path: Assets/Art
  artifactKey: Guid(08e945dee01dd3b4499dc270b0e69935) Importer(815301076,1909f56bfc062723c751e8b465ee728b)
Start importing Assets/Art using Guid(08e945dee01dd3b4499dc270b0e69935) Importer(815301076,1909f56bfc062723c751e8b465ee728b)  -> (artifact id: 'a37fbb05bdea64cd28d735903b5c65b7') in 0.001320 seconds 
========================================================================
Received Import Request.
  Time since last request: 5.498042 seconds.
  path: Assets/Scripts
  artifactKey: Guid(ba8297bfc331a1e429dd9bc8c64b8b6f) Importer(815301076,1909f56bfc062723c751e8b465ee728b)
Start importing Assets/Scripts using Guid(ba8297bfc331a1e429dd9bc8c64b8b6f) Importer(815301076,1909f56bfc062723c751e8b465ee728b)  -> (artifact id: '5eb489caa0497f8213d45370fbcfa374') in 0.001290 seconds 
========================================================================
Received Import Request.
  Time since last request: 10.979266 seconds.
  path: Assets/Prefabs
  artifactKey: Guid(d25a9cd5503ee554e8bbe40035f7ce43) Importer(815301076,1909f56bfc062723c751e8b465ee728b)
Start importing Assets/Prefabs using Guid(d25a9cd5503ee554e8bbe40035f7ce43) Importer(815301076,1909f56bfc062723c751e8b465ee728b)  -> (artifact id: '9d1be630df8f5f485c327a7b6d2c20c1') in 0.001513 seconds 
========================================================================
Received Import Request.
  Time since last request: 1.521467 seconds.
  path: Assets/Scenes
  artifactKey: Guid(131a6b21c8605f84396be9f6751fb6e3) Importer(815301076,1909f56bfc062723c751e8b465ee728b)
Start importing Assets/Scenes using Guid(131a6b21c8605f84396be9f6751fb6e3) Importer(815301076,1909f56bfc062723c751e8b465ee728b)  -> (artifact id: 'df75b7d1a31c5b4f73fd45661b403b04') in 0.001330 seconds 
========================================================================
Received Import Request.
  Time since last request: 11.024991 seconds.
  path: Assets/Art/Block_Blue_1.png
  artifactKey: Guid(579ee827c5a397b4787302d142e127d2) Importer(815301076,1909f56bfc062723c751e8b465ee728b)
Start importing Assets/Art/Block_Blue_1.png using Guid(579ee827c5a397b4787302d142e127d2) Importer(815301076,1909f56bfc062723c751e8b465ee728b)  -> (artifact id: 'e3dec570fe90db6d37f7c5d411320283') in 0.243647 seconds 
========================================================================
Received Import Request.
  Time since last request: 11.525386 seconds.
  path: Assets/Art/Block_Blue_1.png
  artifactKey: Guid(579ee827c5a397b4787302d142e127d2) Importer(815301076,1909f56bfc062723c751e8b465ee728b)
Start importing Assets/Art/Block_Blue_1.png using Guid(579ee827c5a397b4787302d142e127d2) Importer(815301076,1909f56bfc062723c751e8b465ee728b)  -> (artifact id: '429c0a9a4f5e13a3a46f3568af759ea2') in 0.007726 seconds 
========================================================================
Received Import Request.
  Time since last request: 9.194575 seconds.
  path: Assets/Art/Block_Blue_1.png
  artifactKey: Guid(579ee827c5a397b4787302d142e127d2) Importer(815301076,1909f56bfc062723c751e8b465ee728b)
Start importing Assets/Art/Block_Blue_1.png using Guid(579ee827c5a397b4787302d142e127d2) Importer(815301076,1909f56bfc062723c751e8b465ee728b)  -> (artifact id: '78dfdb42e56c440dc9c0c055e8dc33ab') in 0.007725 seconds 
========================================================================
Received Import Request.
  Time since last request: 19.044702 seconds.
  path: Assets/Art/Block_Blue_1.png
  artifactKey: Guid(579ee827c5a397b4787302d142e127d2) Importer(815301076,1909f56bfc062723c751e8b465ee728b)
Start importing Assets/Art/Block_Blue_1.png using Guid(579ee827c5a397b4787302d142e127d2) Importer(815301076,1909f56bfc062723c751e8b465ee728b)  -> (artifact id: 'b9568eb9b7fb21cd92578692b7bc132e') in 0.007957 seconds 
========================================================================
Received Import Request.
  Time since last request: 3.246029 seconds.
  path: Assets/Art/Block_Blue_1.png
  artifactKey: Guid(579ee827c5a397b4787302d142e127d2) Importer(815301076,1909f56bfc062723c751e8b465ee728b)
Start importing Assets/Art/Block_Blue_1.png using Guid(579ee827c5a397b4787302d142e127d2) Importer(815301076,1909f56bfc062723c751e8b465ee728b)  -> (artifact id: 'd6784d4c5c8fa7b61760cf51fe8bbe7d') in 0.005789 seconds 
========================================================================
Received Import Request.
  Time since last request: 7.495919 seconds.
  path: Assets/Art/Block_Blue_1.png
  artifactKey: Guid(579ee827c5a397b4787302d142e127d2) Importer(815301076,1909f56bfc062723c751e8b465ee728b)
Start importing Assets/Art/Block_Blue_1.png using Guid(579ee827c5a397b4787302d142e127d2) Importer(815301076,1909f56bfc062723c751e8b465ee728b)  -> (artifact id: 'fa7803286b0fb8b7a72f366b0506742c') in 0.007253 seconds 
